            --------------------------------------------------------
                             AMBER SQM VERSION 19
 
                                     By
              Ross C. Walker, Michael F. Crowley, Scott Brozell,
                         Tim Giese, Andreas W. Goetz,
                        Tai-Sung Lee and David A. Case
 
            --------------------------------------------------------
 

--------------------------------------------------------------------------------
  QM CALCULATION INFO
--------------------------------------------------------------------------------

| QMMM: Citation for AMBER QMMM Run:
| QMMM: R.C. Walker, M.F. Crowley and D.A. Case, J. COMP. CHEM. 29:1019, 2008

QMMM: SINGLET STATE CALCULATION
QMMM: RHF CALCULATION, NO. OF DOUBLY OCCUPIED LEVELS = 27

| QMMM: *** Selected Hamiltonian *** 
| QMMM: AM1         

| QMMM: *** Parameter sets in use ***
| QMMM: C : M.J.S.DEWAR et al. JACS, 107, 3902, (1985)
| QMMM: O : M.J.S.DEWAR et al. JACS, 107, 3902, (1985)
| QMMM: H : M.J.S.DEWAR et al. JACS, 107, 3902, (1985)

| QMMM: *** SCF convergence criteria ***
| QMMM: Energy change                :  0.1D-09 kcal/mol
| QMMM: Error matrix |FP-PF|         :  0.1D+00 au
| QMMM: Density matrix change        :  0.5D-06
| QMMM: Maximum number of SCF cycles :     1000

| QMMM: *** Diagonalization Routine Information ***
| QMMM: Pseudo diagonalizations are allowed.
| QMMM: Auto diagonalization routine selection is in use.
| QMMM:
| QMMM: Timing diagonalization routines:
| QMMM:                              norbs =       52
| QMMM:    diag iterations used for timing =       15
| QMMM:
| QMMM:              Internal diag routine = 0.004718 seconds
| QMMM:                 Dspev diag routine = 0.004793 seconds
| QMMM:                Dspevd diag routine = 0.002821 seconds
| QMMM:                Dspevx diag routine = 0.024783 seconds
| QMMM:                 Dsyev diag routine = 0.005446 seconds
| QMMM:                Dsyevd diag routine = 0.003266 seconds
| QMMM:                Dsyevr diag routine = 0.004606 seconds
| QMMM:
| QMMM:                Pseudo diag routine = 0.001678 seconds
| QMMM:
| QMMM: Using dspevd routine (diag_routine=3).

  QMMM: QM Region Cartesian Coordinates (*=link atom) 
  QMMM: QM_NO.   MM_NO.  ATOM         X         Y         Z
  QMMM:     1        1      C       -3.5880    1.4400    0.4630
  QMMM:     2        2      C       -3.1870    0.0810   -0.1320
  QMMM:     3        3      C       -1.7340   -0.3520    0.1130
  QMMM:     4        4      C       -0.6600    0.5480   -0.5190
  QMMM:     5        5      C       -0.2820    1.7690    0.3440
  QMMM:     6        6      C       -0.7130    3.1220   -0.2390
  QMMM:     7        7      C       -2.1450    3.5610    0.1060
  QMMM:     8        8      C       -3.2640    2.6550   -0.4280
  QMMM:     9        9      O        1.1230    1.8010    0.4520
  QMMM:    10       10      H       -3.1530    1.5540    1.4570
  QMMM:    11       11      H       -4.6710    1.4200    0.5970
  QMMM:    12       12      H       -3.3970    0.0700   -1.2030
  QMMM:    13       13      H       -3.8260   -0.6780    0.3230
  QMMM:    14       14      H       -1.6200   -1.3510   -0.3130
  QMMM:    15       15      H       -1.5530   -0.4430    1.1860
  QMMM:    16       16      H       -0.9840    0.8610   -1.5120
  QMMM:    17       17      H        0.2290   -0.0710   -0.6530
  QMMM:    18       18      H       -0.6920    1.6620    1.3510
  QMMM:    19       19      H       -0.0460    3.8900    0.1580
  QMMM:    20       20      H       -0.5890    3.1140   -1.3220
  QMMM:    21       21      H       -2.2420    3.6700    1.1880
  QMMM:    22       22      H       -2.2890    4.5530   -0.3260
  QMMM:    23       23      H       -4.1680    3.2640   -0.4810
  QMMM:    24       24      H       -3.0370    2.3430   -1.4490
  QMMM:    25       25      H        1.4900    1.9110   -0.4280

--------------------------------------------------------------------------------
  RESULTS
--------------------------------------------------------------------------------

      iter         sqm energy              rms gradient
      ----    -------------------    -----------------------
xmin    10      -90.9183 kcal/mol        0.0942 kcal/(mol*A)
xmin    20      -90.9525 kcal/mol        0.1172 kcal/(mol*A)
xmin    30      -90.9615 kcal/mol        0.0676 kcal/(mol*A)
xmin    40      -90.9646 kcal/mol        0.0543 kcal/(mol*A)
xmin    50      -90.9666 kcal/mol        0.0165 kcal/(mol*A)
xmin    60      -90.9668 kcal/mol        0.0225 kcal/(mol*A)
xmin    70      -90.9668 kcal/mol        0.0146 kcal/(mol*A)
xmin    80      -90.9669 kcal/mol        0.0071 kcal/(mol*A)
xmin    90      -90.9669 kcal/mol        0.0009 kcal/(mol*A)
  ... geometry converged !
 
 Final MO eigenvalues (eV):
 -39.6128  -36.9560  -34.3560  -32.4164  -27.2698  -26.5677  -21.9586  -21.3400
 -21.1520  -17.5311  -16.6897  -16.1518  -15.5093  -14.8363  -14.7132  -14.0032
 -13.8017  -13.2287  -13.0648  -12.3980  -11.9007  -11.8523  -11.5769  -11.4678
 -11.4076  -11.0497  -10.5756    3.3221    3.5765    3.6586    3.8403    3.8567
   3.9792    3.9945    4.0267    4.2036    4.4325    4.5408    4.5978    4.6787
   4.7031    4.8116    4.8557    4.9922    5.0235    5.1114    5.1816    5.2062
   5.2219    5.2388    5.2900    6.4177

 Heat of formation   =        -90.96688688 kcal/mol  (       -3.94462022 eV)

 Total SCF energy    =     -36134.92116983 kcal/mol  (    -1566.92776418 eV)
 Electronic energy   =    -192841.47333650 kcal/mol  (    -8362.23378589 eV)
 Core-core repulsion =     156706.55216667 kcal/mol  (     6795.30602171 eV)
 
    Atomic Charges for Step       1 :
  Atom    Element       Mulliken Charge
     1      C                 -0.154
     2      C                 -0.155
     3      C                 -0.151
     4      C                 -0.185
     5      C                  0.029
     6      C                 -0.188
     7      C                 -0.150
     8      C                 -0.155
     9      O                 -0.330
    10      H                  0.083
    11      H                  0.074
    12      H                  0.080
    13      H                  0.075
    14      H                  0.076
    15      H                  0.085
    16      H                  0.083
    17      H                  0.088
    18      H                  0.117
    19      H                  0.091
    20      H                  0.079
    21      H                  0.084
    22      H                  0.076
    23      H                  0.074
    24      H                  0.082
    25      H                  0.192
 Total Mulliken Charge =      -0.000
 
                  X        Y        Z     TOTAL  
  QM DIPOLE    -1.073    0.079   -1.286    1.677
 
 Final Structure

  QMMM: QM Region Cartesian Coordinates (*=link atom) 
  QMMM: QM_NO.   MM_NO.  ATOM         X         Y         Z
  QMMM:     1        1      C       -3.5876    1.4347    0.4408
  QMMM:     2        2      C       -3.1597    0.1241   -0.1875
  QMMM:     3        3      C       -1.7466   -0.2967    0.1560
  QMMM:     4        4      C       -0.6718    0.5421   -0.5015
  QMMM:     5        5      C       -0.2789    1.7756    0.3135
  QMMM:     6        6      C       -0.7604    3.0845   -0.3091
  QMMM:     7        7      C       -2.1373    3.5043    0.1538
  QMMM:     8        8      C       -3.2645    2.6565   -0.3994
  QMMM:     9        9      O        1.1340    1.8171    0.4834
  QMMM:    10       10      H       -3.1248    1.5292    1.4587
  QMMM:    11       11      H       -4.7002    1.3982    0.5959
  QMMM:    12       12      H       -3.2763    0.1762   -1.3022
  QMMM:    13       13      H       -3.8543   -0.6827    0.1747
  QMMM:    14       14      H       -1.6139   -1.3615   -0.1806
  QMMM:    15       15      H       -1.6111   -0.2897    1.2699
  QMMM:    16       16      H       -1.0068    0.8459   -1.5273
  QMMM:    17       17      H        0.2461   -0.0950   -0.6277
  QMMM:    18       18      H       -0.6616    1.6910    1.3714
  QMMM:    19       19      H       -0.0302    3.8897   -0.0199
  QMMM:    20       20      H       -0.7406    3.0082   -1.4274
  QMMM:    21       21      H       -2.1726    3.5070    1.2754
  QMMM:    22       22      H       -2.2997    4.5662   -0.1790
  QMMM:    23       23      H       -4.1850    3.2989   -0.4561
  QMMM:    24       24      H       -3.0204    2.3517   -1.4513
  QMMM:    25       25      H        1.5262    1.9185   -0.3915

           --------- Calculation Completed ----------

